# JRE version: OpenJDK Runtime Environment Temurin-21.0.7+6 (21.0.7+6) (build 21.0.7+6-LTS)
# Java VM: OpenJDK 64-Bit Server VM Temurin-21.0.7+6 (21.0.7+6-LTS, mixed mode, sharing, tiered, compressed oops, compressed class ptrs, parallel gc, windows-amd64)
GC Precious Log:
 CardTable entry size: 512
 CPUs: 8 total, 8 available
 Memory: 8025M
 Large Page Support: Disabled
 NUMA Support: Disabled
 Compressed Oops: Enabled (32-bit)
 Alignments: Space 512K, Generation 512K, Heap 2M
 Heap Min Capacity: 100M
 Heap Initial Capacity: 100M
 Heap Max Capacity: 1G
 Pre-touch: Disabled
 Parallel Workers: 8
Heap:
 PSYoungGen      total 23552K, used 22793K [0x00000000eab00000, 0x00000000ec700000, 0x0000000100000000)
  eden space 22016K, 98% used [0x00000000eab00000,0x00000000ec01a668,0x00000000ec080000)
  from space 1536K, 77% used [0x00000000ec580000,0x00000000ec6a8000,0x00000000ec700000)
  to   space 1536K, 0% used [0x00000000ec400000,0x00000000ec400000,0x00000000ec580000)
 ParOldGen       total 68608K, used 20771K [0x00000000c0000000, 0x00000000c4300000, 0x00000000eab00000)
  object space 68608K, 30% used [0x00000000c0000000,0x00000000c1448d58,0x00000000c4300000)
 Metaspace       used 45619K, committed 46656K, reserved 1114112K
  class space    used 4874K, committed 5312K, reserved 1048576K
GC Heap History (20 events):
Event: 66.574 GC heap before
{Heap before GC invocations=9 (full 1):
 PSYoungGen      total 30208K, used 24576K [0x00000000eab00000, 0x00000000ed300000, 0x0000000100000000)
  eden space 24576K, 100% used [0x00000000eab00000,0x00000000ec300000,0x00000000ec300000)
  from space 5632K, 0% used [0x00000000ec380000,0x00000000ec380000,0x00000000ec900000)
  to   space 8192K, 0% used [0x00000000ecb00000,0x00000000ecb00000,0x00000000ed300000)
 ParOldGen       total 68608K, used 14510K [0x00000000c0000000, 0x00000000c4300000, 0x00000000eab00000)
  object space 68608K, 21% used [0x00000000c0000000,0x00000000c0e2b8a0,0x00000000c4300000)
 Metaspace       used 23555K, committed 24384K, reserved 1114112K
  class space    used 2274K, committed 2624K, reserved 1048576K
}
Event: 66.579 GC heap after
{Heap after GC invocations=9 (full 1):
 PSYoungGen      total 25088K, used 763K [0x00000000eab00000, 0x00000000ecc00000, 0x0000000100000000)
  eden space 24064K, 0% used [0x00000000eab00000,0x00000000eab00000,0x00000000ec280000)
  from space 1024K, 74% used [0x00000000ecb00000,0x00000000ecbbec60,0x00000000ecc00000)
  to   space 3584K, 0% used [0x00000000ec500000,0x00000000ec500000,0x00000000ec880000)
 ParOldGen       total 68608K, used 14518K [0x00000000c0000000, 0x00000000c4300000, 0x00000000eab00000)
  object space 68608K, 21% used [0x00000000c0000000,0x00000000c0e2d8a0,0x00000000c4300000)
 Metaspace       used 23555K, committed 24384K, reserved 1114112K
  class space    used 2274K, committed 2624K, reserved 1048576K
}
Event: 67.399 GC heap before
{Heap before GC invocations=10 (full 1):
 PSYoungGen      total 25088K, used 24827K [0x00000000eab00000, 0x00000000ecc00000, 0x0000000100000000)
  eden space 24064K, 100% used [0x00000000eab00000,0x00000000ec280000,0x00000000ec280000)
  from space 1024K, 74% used [0x00000000ecb00000,0x00000000ecbbec60,0x00000000ecc00000)
  to   space 3584K, 0% used [0x00000000ec500000,0x00000000ec500000,0x00000000ec880000)
 ParOldGen       total 68608K, used 14518K [0x00000000c0000000, 0x00000000c4300000, 0x00000000eab00000)
  object space 68608K, 21% used [0x00000000c0000000,0x00000000c0e2d8a0,0x00000000c4300000)
 Metaspace       used 26584K, committed 27392K, reserved 1114112K
  class space    used 2585K, committed 2880K, reserved 1048576K
}
Event: 67.409 GC heap after
{Heap after GC invocations=10 (full 1):
 PSYoungGen      total 27136K, used 2547K [0x00000000eab00000, 0x00000000ecb80000, 0x0000000100000000)
  eden space 23552K, 0% used [0x00000000eab00000,0x00000000eab00000,0x00000000ec200000)
  from space 3584K, 71% used [0x00000000ec500000,0x00000000ec77cf00,0x00000000ec880000)
  to   space 3072K, 0% used [0x00000000ec880000,0x00000000ec880000,0x00000000ecb80000)
 ParOldGen       total 68608K, used 14526K [0x00000000c0000000, 0x00000000c4300000, 0x00000000eab00000)
  object space 68608K, 21% used [0x00000000c0000000,0x00000000c0e2f8a0,0x00000000c4300000)
 Metaspace       used 26584K, committed 27392K, reserved 1114112K
  class space    used 2585K, committed 2880K, reserved 1048576K
}
Event: 68.204 GC heap before
{Heap before GC invocations=11 (full 1):
 PSYoungGen      total 27136K, used 26099K [0x00000000eab00000, 0x00000000ecb80000, 0x0000000100000000)
  eden space 23552K, 100% used [0x00000000eab00000,0x00000000ec200000,0x00000000ec200000)
  from space 3584K, 71% used [0x00000000ec500000,0x00000000ec77cf00,0x00000000ec880000)
  to   space 3072K, 0% used [0x00000000ec880000,0x00000000ec880000,0x00000000ecb80000)
 ParOldGen       total 68608K, used 14526K [0x00000000c0000000, 0x00000000c4300000, 0x00000000eab00000)
  object space 68608K, 21% used [0x00000000c0000000,0x00000000c0e2f8a0,0x00000000c4300000)
 Metaspace       used 28100K, committed 28992K, reserved 1114112K
  class space    used 2777K, committed 3136K, reserved 1048576K
}
Event: 68.214 GC heap after
{Heap after GC invocations=11 (full 1):
 PSYoungGen      total 26112K, used 2948K [0x00000000eab00000, 0x00000000ecb80000, 0x0000000100000000)
  eden space 23040K, 0% used [0x00000000eab00000,0x00000000eab00000,0x00000000ec180000)
  from space 3072K, 95% used [0x00000000ec880000,0x00000000ecb61168,0x00000000ecb80000)
  to   space 3584K, 0% used [0x00000000ec480000,0x00000000ec480000,0x00000000ec800000)
 ParOldGen       total 68608K, used 15053K [0x00000000c0000000, 0x00000000c4300000, 0x00000000eab00000)
  object space 68608K, 21% used [0x00000000c0000000,0x00000000c0eb35c8,0x00000000c4300000)
 Metaspace       used 28100K, committed 28992K, reserved 1114112K
  class space    used 2777K, committed 3136K, reserved 1048576K
}
Event: 69.118 GC heap before
{Heap before GC invocations=12 (full 1):
 PSYoungGen      total 26112K, used 25988K [0x00000000eab00000, 0x00000000ecb80000, 0x0000000100000000)
  eden space 23040K, 100% used [0x00000000eab00000,0x00000000ec180000,0x00000000ec180000)
  from space 3072K, 95% used [0x00000000ec880000,0x00000000ecb61168,0x00000000ecb80000)
  to   space 3584K, 0% used [0x00000000ec480000,0x00000000ec480000,0x00000000ec800000)
 ParOldGen       total 68608K, used 15053K [0x00000000c0000000, 0x00000000c4300000, 0x00000000eab00000)
  object space 68608K, 21% used [0x00000000c0000000,0x00000000c0eb35c8,0x00000000c4300000)
 Metaspace       used 29920K, committed 30848K, reserved 1114112K
  class space    used 2961K, committed 3328K, reserved 1048576K
}
Event: 69.128 GC heap after
{Heap after GC invocations=12 (full 1):
 PSYoungGen      total 24064K, used 1113K [0x00000000eab00000, 0x00000000ec900000, 0x0000000100000000)
  eden space 22528K, 0% used [0x00000000eab00000,0x00000000eab00000,0x00000000ec100000)
  from space 1536K, 72% used [0x00000000ec480000,0x00000000ec5965b0,0x00000000ec600000)
  to   space 2048K, 0% used [0x00000000ec700000,0x00000000ec700000,0x00000000ec900000)
 ParOldGen       total 68608K, used 17304K [0x00000000c0000000, 0x00000000c4300000, 0x00000000eab00000)
  object space 68608K, 25% used [0x00000000c0000000,0x00000000c10e60d0,0x00000000c4300000)
 Metaspace       used 29920K, committed 30848K, reserved 1114112K
  class space    used 2961K, committed 3328K, reserved 1048576K
}
Event: 70.318 GC heap before
{Heap before GC invocations=13 (full 1):
 PSYoungGen      total 24064K, used 23641K [0x00000000eab00000, 0x00000000ec900000, 0x0000000100000000)
  eden space 22528K, 100% used [0x00000000eab00000,0x00000000ec100000,0x00000000ec100000)
  from space 1536K, 72% used [0x00000000ec480000,0x00000000ec5965b0,0x00000000ec600000)
  to   space 2048K, 0% used [0x00000000ec700000,0x00000000ec700000,0x00000000ec900000)
 ParOldGen       total 68608K, used 17304K [0x00000000c0000000, 0x00000000c4300000, 0x00000000eab00000)
  object space 68608K, 25% used [0x00000000c0000000,0x00000000c10e60d0,0x00000000c4300000)
 Metaspace       used 32938K, committed 33856K, reserved 1114112K
  class space    used 3311K, committed 3712K, reserved 1048576K
}
Event: 70.329 GC heap after
{Heap after GC invocations=13 (full 1):
 PSYoungGen      total 23040K, used 960K [0x00000000eab00000, 0x00000000ec800000, 0x0000000100000000)
  eden space 22016K, 0% used [0x00000000eab00000,0x00000000eab00000,0x00000000ec080000)
  from space 1024K, 93% used [0x00000000ec700000,0x00000000ec7f0000,0x00000000ec800000)
  to   space 1536K, 0% used [0x00000000ec500000,0x00000000ec500000,0x00000000ec680000)
 ParOldGen       total 68608K, used 18255K [0x00000000c0000000, 0x00000000c4300000, 0x00000000eab00000)
  object space 68608K, 26% used [0x00000000c0000000,0x00000000c11d3c38,0x00000000c4300000)
 Metaspace       used 32938K, committed 33856K, reserved 1114112K
  class space    used 3311K, committed 3712K, reserved 1048576K
}
Event: 71.284 GC heap before
{Heap before GC invocations=14 (full 1):
 PSYoungGen      total 23040K, used 16147K [0x00000000eab00000, 0x00000000ec800000, 0x0000000100000000)
  eden space 22016K, 68% used [0x00000000eab00000,0x00000000eb9d4fa8,0x00000000ec080000)
  from space 1024K, 93% used [0x00000000ec700000,0x00000000ec7f0000,0x00000000ec800000)
  to   space 1536K, 0% used [0x00000000ec500000,0x00000000ec500000,0x00000000ec680000)
 ParOldGen       total 68608K, used 18255K [0x00000000c0000000, 0x00000000c4300000, 0x00000000eab00000)
  object space 68608K, 26% used [0x00000000c0000000,0x00000000c11d3c38,0x00000000c4300000)
 Metaspace       used 34873K, committed 35840K, reserved 1114112K
  class space    used 3550K, committed 3968K, reserved 1048576K
}
Event: 71.292 GC heap after
{Heap after GC invocations=14 (full 1):
 PSYoungGen      total 23552K, used 945K [0x00000000eab00000, 0x00000000ec780000, 0x0000000100000000)
  eden space 22016K, 0% used [0x00000000eab00000,0x00000000eab00000,0x00000000ec080000)
  from space 1536K, 61% used [0x00000000ec500000,0x00000000ec5ec440,0x00000000ec680000)
  to   space 1024K, 0% used [0x00000000ec680000,0x00000000ec680000,0x00000000ec780000)
 ParOldGen       total 68608K, used 19078K [0x00000000c0000000, 0x00000000c4300000, 0x00000000eab00000)
  object space 68608K, 27% used [0x00000000c0000000,0x00000000c12a1870,0x00000000c4300000)
 Metaspace       used 34873K, committed 35840K, reserved 1114112K
  class space    used 3550K, committed 3968K, reserved 1048576K
}
Event: 71.292 GC heap before
{Heap before GC invocations=15 (full 2):
 PSYoungGen      total 23552K, used 945K [0x00000000eab00000, 0x00000000ec780000, 0x0000000100000000)
  eden space 22016K, 0% used [0x00000000eab00000,0x00000000eab00000,0x00000000ec080000)
  from space 1536K, 61% used [0x00000000ec500000,0x00000000ec5ec440,0x00000000ec680000)
  to   space 1024K, 0% used [0x00000000ec680000,0x00000000ec680000,0x00000000ec780000)
 ParOldGen       total 68608K, used 19078K [0x00000000c0000000, 0x00000000c4300000, 0x00000000eab00000)
  object space 68608K, 27% used [0x00000000c0000000,0x00000000c12a1870,0x00000000c4300000)
 Metaspace       used 34873K, committed 35840K, reserved 1114112K
  class space    used 3550K, committed 3968K, reserved 1048576K
}
Event: 71.458 GC heap after
{Heap after GC invocations=15 (full 2):
 PSYoungGen      total 23552K, used 0K [0x00000000eab00000, 0x00000000ec780000, 0x0000000100000000)
  eden space 22016K, 0% used [0x00000000eab00000,0x00000000eab00000,0x00000000ec080000)
  from space 1536K, 0% used [0x00000000ec500000,0x00000000ec500000,0x00000000ec680000)
  to   space 1024K, 0% used [0x00000000ec680000,0x00000000ec680000,0x00000000ec780000)
 ParOldGen       total 68608K, used 17493K [0x00000000c0000000, 0x00000000c4300000, 0x00000000eab00000)
  object space 68608K, 25% used [0x00000000c0000000,0x00000000c1115568,0x00000000c4300000)
 Metaspace       used 34864K, committed 35840K, reserved 1114112K
  class space    used 3548K, committed 3968K, reserved 1048576K
}
Event: 72.400 GC heap before
{Heap before GC invocations=16 (full 2):
 PSYoungGen      total 23552K, used 22016K [0x00000000eab00000, 0x00000000ec780000, 0x0000000100000000)
  eden space 22016K, 100% used [0x00000000eab00000,0x00000000ec080000,0x00000000ec080000)
  from space 1536K, 0% used [0x00000000ec500000,0x00000000ec500000,0x00000000ec680000)
  to   space 1024K, 0% used [0x00000000ec680000,0x00000000ec680000,0x00000000ec780000)
 ParOldGen       total 68608K, used 17493K [0x00000000c0000000, 0x00000000c4300000, 0x00000000eab00000)
  object space 68608K, 25% used [0x00000000c0000000,0x00000000c1115568,0x00000000c4300000)
 Metaspace       used 37894K, committed 38976K, reserved 1114112K
  class space    used 3902K, committed 4352K, reserved 1048576K
}
Event: 72.407 GC heap after
{Heap after GC invocations=16 (full 2):
 PSYoungGen      total 23040K, used 992K [0x00000000eab00000, 0x00000000ec780000, 0x0000000100000000)
  eden space 22016K, 0% used [0x00000000eab00000,0x00000000eab00000,0x00000000ec080000)
  from space 1024K, 96% used [0x00000000ec680000,0x00000000ec7781d0,0x00000000ec780000)
  to   space 2048K, 0% used [0x00000000ec380000,0x00000000ec380000,0x00000000ec580000)
 ParOldGen       total 68608K, used 18130K [0x00000000c0000000, 0x00000000c4300000, 0x00000000eab00000)
  object space 68608K, 26% used [0x00000000c0000000,0x00000000c11b48e8,0x00000000c4300000)
 Metaspace       used 37894K, committed 38976K, reserved 1114112K
  class space    used 3902K, committed 4352K, reserved 1048576K
}
Event: 73.097 GC heap before
{Heap before GC invocations=17 (full 2):
 PSYoungGen      total 23040K, used 23008K [0x00000000eab00000, 0x00000000ec780000, 0x0000000100000000)
  eden space 22016K, 100% used [0x00000000eab00000,0x00000000ec080000,0x00000000ec080000)
  from space 1024K, 96% used [0x00000000ec680000,0x00000000ec7781d0,0x00000000ec780000)
  to   space 2048K, 0% used [0x00000000ec380000,0x00000000ec380000,0x00000000ec580000)
 ParOldGen       total 68608K, used 18130K [0x00000000c0000000, 0x00000000c4300000, 0x00000000eab00000)
  object space 68608K, 26% used [0x00000000c0000000,0x00000000c11b48e8,0x00000000c4300000)
 Metaspace       used 40063K, committed 41152K, reserved 1114112K
  class space    used 4167K, committed 4608K, reserved 1048576K
}
Event: 73.104 GC heap after
{Heap after GC invocations=17 (full 2):
 PSYoungGen      total 24064K, used 1792K [0x00000000eab00000, 0x00000000ec700000, 0x0000000100000000)
  eden space 22016K, 0% used [0x00000000eab00000,0x00000000eab00000,0x00000000ec080000)
  from space 2048K, 87% used [0x00000000ec380000,0x00000000ec540000,0x00000000ec580000)
  to   space 1536K, 0% used [0x00000000ec580000,0x00000000ec580000,0x00000000ec700000)
 ParOldGen       total 68608K, used 19099K [0x00000000c0000000, 0x00000000c4300000, 0x00000000eab00000)
  object space 68608K, 27% used [0x00000000c0000000,0x00000000c12a6d58,0x00000000c4300000)
 Metaspace       used 40063K, committed 41152K, reserved 1114112K
  class space    used 4167K, committed 4608K, reserved 1048576K
}
Event: 74.388 GC heap before
{Heap before GC invocations=18 (full 2):
 PSYoungGen      total 24064K, used 23807K [0x00000000eab00000, 0x00000000ec700000, 0x0000000100000000)
  eden space 22016K, 99% used [0x00000000eab00000,0x00000000ec07fef8,0x00000000ec080000)
  from space 2048K, 87% used [0x00000000ec380000,0x00000000ec540000,0x00000000ec580000)
  to   space 1536K, 0% used [0x00000000ec580000,0x00000000ec580000,0x00000000ec700000)
 ParOldGen       total 68608K, used 19099K [0x00000000c0000000, 0x00000000c4300000, 0x00000000eab00000)
  object space 68608K, 27% used [0x00000000c0000000,0x00000000c12a6d58,0x00000000c4300000)
 Metaspace       used 43250K, committed 44416K, reserved 1114112K
  class space    used 4570K, committed 5056K, reserved 1048576K
}
Event: 74.399 GC heap after
{Heap after GC invocations=18 (full 2):
 PSYoungGen      total 23552K, used 1184K [0x00000000eab00000, 0x00000000ec700000, 0x0000000100000000)
  eden space 22016K, 0% used [0x00000000eab00000,0x00000000eab00000,0x00000000ec080000)
  from space 1536K, 77% used [0x00000000ec580000,0x00000000ec6a8000,0x00000000ec700000)
  to   space 1536K, 0% used [0x00000000ec400000,0x00000000ec400000,0x00000000ec580000)
 ParOldGen       total 68608K, used 20771K [0x00000000c0000000, 0x00000000c4300000, 0x00000000eab00000)
  object space 68608K, 30% used [0x00000000c0000000,0x00000000c1448d58,0x00000000c4300000)
 Metaspace       used 43250K, committed 44416K, reserved 1114112K
  class space    used 4570K, committed 5056K, reserved 1048576K
}

